2025-07-07 22:39:05,530 p=10463 u=vagrant n=ansible | [WARNING]: A duplicate localhost-like entry was found (localhost). First found localhost was 127.0.0.1

2025-07-07 22:39:05,676 p=10463 u=vagrant n=ansible | PLAY [all] **************************************************************************************************************************************
2025-07-07 22:39:05,685 p=10463 u=vagrant n=ansible | TASK [Gathering Facts] **************************************************************************************************************************
2025-07-07 22:39:07,565 p=10463 u=vagrant n=ansible | ok: [localhost]
2025-07-07 22:39:08,129 p=10463 u=vagrant n=ansible | ok: [127.0.0.1]
2025-07-07 22:39:08,145 p=10463 u=vagrant n=ansible | TASK [Otra tarea] *******************************************************************************************************************************
2025-07-07 22:39:08,172 p=10463 u=vagrant n=ansible | ok: [127.0.0.1] => {
    "msg": "Despues de la ejecucion del rol"
}
2025-07-07 22:39:08,179 p=10463 u=vagrant n=ansible | ok: [localhost] => {
    "msg": "Despues de la ejecucion del rol"
}
2025-07-07 22:39:08,196 p=10463 u=vagrant n=ansible | PLAY RECAP **************************************************************************************************************************************
2025-07-07 22:39:08,197 p=10463 u=vagrant n=ansible | 127.0.0.1                  : ok=2    changed=0    unreachable=0    failed=0    skipped=0    rescued=0    ignored=0   
2025-07-07 22:39:08,197 p=10463 u=vagrant n=ansible | localhost                  : ok=2    changed=0    unreachable=0    failed=0    skipped=0    rescued=0    ignored=0   
2025-07-07 22:40:35,710 p=10799 u=vagrant n=ansible | [WARNING]: A duplicate localhost-like entry was found (localhost). First found localhost was 127.0.0.1

2025-07-07 22:40:35,811 p=10799 u=vagrant n=ansible | ERROR! We were unable to read either as JSON nor YAML, these are the errors we got from each:
JSON: Expecting value: line 1 column 1 (char 0)

Syntax Error while loading YAML.
  did not find expected key

The error appears to be in '/home/vagrant/2p_2024/D_Ansible/roles/2p_2025_esposito/tasks/main.yml': line 4, column 12, but may
be elsewhere in the file depending on the exact syntax problem.

The offending line appears to be:

  debug:
    msg: ""Me estoy ejecutando dentro del role: {{ role_name }}""
           ^ here
We could be wrong, but this one looks like it might be an issue with
missing quotes. Always quote template expression brackets when they
start a value. For instance:

    with_items:
      - {{ foo }}

Should be written as:

    with_items:
      - "{{ foo }}"

2025-07-07 22:41:44,132 p=10822 u=vagrant n=ansible | [WARNING]: A duplicate localhost-like entry was found (localhost). First found localhost was 127.0.0.1

2025-07-07 22:41:44,282 p=10822 u=vagrant n=ansible | PLAY [all] **************************************************************************************************************************************
2025-07-07 22:41:44,292 p=10822 u=vagrant n=ansible | TASK [Gathering Facts] **************************************************************************************************************************
2025-07-07 22:41:46,060 p=10822 u=vagrant n=ansible | ok: [localhost]
2025-07-07 22:41:46,685 p=10822 u=vagrant n=ansible | ok: [127.0.0.1]
2025-07-07 22:41:46,708 p=10822 u=vagrant n=ansible | TASK [2p_2025_esposito : 2p_esposito] ***********************************************************************************************************
2025-07-07 22:41:46,783 p=10822 u=vagrant n=ansible | ok: [127.0.0.1] => {
    "msg": "Me estoy ejecutando dentro del role: 2p_2025_esposito"
}
2025-07-07 22:41:46,804 p=10822 u=vagrant n=ansible | ok: [localhost] => {
    "msg": "Me estoy ejecutando dentro del role: 2p_2025_esposito"
}
2025-07-07 22:41:46,821 p=10822 u=vagrant n=ansible | TASK [Otra tarea] *******************************************************************************************************************************
2025-07-07 22:41:46,857 p=10822 u=vagrant n=ansible | ok: [127.0.0.1] => {
    "msg": "Despues de la ejecucion del rol"
}
2025-07-07 22:41:46,868 p=10822 u=vagrant n=ansible | ok: [localhost] => {
    "msg": "Despues de la ejecucion del rol"
}
2025-07-07 22:41:46,896 p=10822 u=vagrant n=ansible | PLAY RECAP **************************************************************************************************************************************
2025-07-07 22:41:46,897 p=10822 u=vagrant n=ansible | 127.0.0.1                  : ok=3    changed=0    unreachable=0    failed=0    skipped=0    rescued=0    ignored=0   
2025-07-07 22:41:46,898 p=10822 u=vagrant n=ansible | localhost                  : ok=3    changed=0    unreachable=0    failed=0    skipped=0    rescued=0    ignored=0   
